<?xml version="1.0" encoding="UTF-8"?>
<testng-results total="1" passed="1" failed="0" skipped="0">
  <reporter-output>
  </reporter-output>
  <suite started-at="2023-09-30T08:24:04Z" name="Default suite" finished-at="2023-09-30T08:24:17Z" duration-ms="12827">
    <groups>
    </groups>
    <test started-at="2023-09-30T08:24:04Z" name="Default test" finished-at="2023-09-30T08:24:17Z" duration-ms="12827">
      <class name="org.example.TestBrowser">
        <test-method is-config="true" signature="setUp()[pri:0, instance:org.example.TestBrowser@7164ca4c]" started-at="2023-09-30T13:54:04Z" name="setUp" finished-at="2023-09-30T13:54:17Z" duration-ms="12740" status="PASS">
          <reporter-output>
          </reporter-output>
        </test-method> <!-- setUp -->
        <test-method signature="testData()[pri:0, instance:org.example.TestBrowser@7164ca4c]" started-at="2023-09-30T13:54:17Z" name="testData" finished-at="2023-09-30T13:54:17Z" duration-ms="49" status="PASS">
          <reporter-output>
          </reporter-output>
        </test-method> <!-- testData -->
      </class> <!-- org.example.TestBrowser -->
    </test> <!-- Default test -->
  </suite> <!-- Default suite -->
</testng-results>
